<?xml version="1.0" encoding="UTF-8"?>
<!-- Generated by org.testng.reporters.JUnitXMLReporter -->
<testsuite ignored="3" hostname="DESKTOP-ISADT93" failures="0" tests="3" name="Test" time="0.082" errors="0" timestamp="2022-07-30T10:41:34 IST">
  <testcase classname="methodtest.Account" name="loan" time="0.011"/>
  <testcase classname="methodtest.Payment" name="cod" time="0.002"/>
  <testcase classname="methodtest.Payment" name="creditCard" time="0.002"/>
  <testcase classname="methodtest.Payment" name="debitcard" time="0.0">
    <ignored/>
  </testcase> <!-- debitcard -->
  <testcase classname="methodtest.Account" name="saving" time="0.0">
    <ignored/>
  </testcase> <!-- saving -->
  <testcase classname="methodtest.Account" name="current" time="0.0">
    <ignored/>
  </testcase> <!-- current -->
</testsuite> <!-- Test -->
