<?xml version="1.0" encoding="UTF-8"?>
<!-- Generated by org.testng.reporters.JUnitXMLReporter -->
<testsuite ignored="3" hostname="DESKTOP-ISADT93" failures="0" tests="3" name="Test2" time="0.041" errors="0" timestamp="2022-08-02T09:39:40 IST">
  <testcase classname="methodtest.Account" name="saving" time="0.002"/>
  <testcase classname="methodtest.Payment" name="creditCard" time="0.002"/>
  <testcase classname="methodtest.Payment" name="debitcard" time="0.011"/>
  <testcase classname="methodtest.Payment" name="cod" time="0.0">
    <ignored/>
  </testcase> <!-- cod -->
  <testcase classname="methodtest.Account" name="current" time="0.0">
    <ignored/>
  </testcase> <!-- current -->
  <testcase classname="methodtest.Account" name="loan" time="0.0">
    <ignored/>
  </testcase> <!-- loan -->
</testsuite> <!-- Test2 -->
