<?xml version="1.0" encoding="UTF-8"?>
<testng-results ignored="6" total="12" passed="6" failed="0" skipped="0">
  <reporter-output>
  </reporter-output>
  <suite started-at="2022-07-30T10:41:34 IST" name="Suite" finished-at="2022-07-30T10:41:34 IST" duration-ms="184">
    <groups>
    </groups>
    <test started-at="2022-07-30T10:41:34 IST" name="Test" finished-at="2022-07-30T10:41:34 IST" duration-ms="82">
      <class name="methodtest.Account">
        <test-method signature="loan()[pri:0, instance:methodtest.Account@4f2b503c]" started-at="2022-07-30T10:41:34 IST" name="loan" finished-at="2022-07-30T10:41:34 IST" duration-ms="11" status="PASS">
          <reporter-output>
          </reporter-output>
        </test-method> <!-- loan -->
      </class> <!-- methodtest.Account -->
      <class name="methodtest.Payment">
        <test-method signature="cod()[pri:0, instance:methodtest.Payment@6e0f5f7f]" started-at="2022-07-30T10:41:34 IST" name="cod" finished-at="2022-07-30T10:41:34 IST" duration-ms="2" status="PASS">
          <reporter-output>
          </reporter-output>
        </test-method> <!-- cod -->
        <test-method signature="creditCard()[pri:0, instance:methodtest.Payment@6e0f5f7f]" started-at="2022-07-30T10:41:34 IST" name="creditCard" finished-at="2022-07-30T10:41:34 IST" duration-ms="2" status="PASS">
          <reporter-output>
          </reporter-output>
        </test-method> <!-- creditCard -->
      </class> <!-- methodtest.Payment -->
    </test> <!-- Test -->
    <test started-at="2022-07-30T10:41:34 IST" name="Test2" finished-at="2022-07-30T10:41:34 IST" duration-ms="20">
      <class name="methodtest.Account">
        <test-method signature="saving()[pri:0, instance:methodtest.Account@20140db9]" started-at="2022-07-30T10:41:34 IST" name="saving" finished-at="2022-07-30T10:41:34 IST" duration-ms="2" status="PASS">
          <reporter-output>
          </reporter-output>
        </test-method> <!-- saving -->
      </class> <!-- methodtest.Account -->
      <class name="methodtest.Payment">
        <test-method signature="creditCard()[pri:0, instance:methodtest.Payment@1e6a3214]" started-at="2022-07-30T10:41:34 IST" name="creditCard" finished-at="2022-07-30T10:41:34 IST" duration-ms="2" status="PASS">
          <reporter-output>
          </reporter-output>
        </test-method> <!-- creditCard -->
        <test-method signature="debitcard()[pri:0, instance:methodtest.Payment@1e6a3214]" started-at="2022-07-30T10:41:34 IST" name="debitcard" finished-at="2022-07-30T10:41:34 IST" duration-ms="3" status="PASS">
          <reporter-output>
          </reporter-output>
        </test-method> <!-- debitcard -->
      </class> <!-- methodtest.Payment -->
    </test> <!-- Test2 -->
  </suite> <!-- Suite -->
</testng-results>
